TN:
SF:/home/mrrobot/Life/project/ics_pr/ics_project/frontend/src/components/Main.vue
FNF:0
FNH:0
DA:15,1
LF:1
LH:1
BRF:0
BRH:0
end_of_record
TN:
SF:/home/mrrobot/Life/project/ics_pr/ics_project/frontend/src/App.vue
FN:116,(anonymous_0)
FN:123,(anonymous_1)
FN:129,(anonymous_2)
FN:133,(anonymous_3)
FN:140,(anonymous_4)
FN:143,(anonymous_5)
FN:147,(anonymous_6)
FN:152,(anonymous_7)
FN:164,(anonymous_8)
FNF:9
FNH:0
FNDA:0,(anonymous_0)
FNDA:0,(anonymous_1)
FNDA:0,(anonymous_2)
FNDA:0,(anonymous_3)
FNDA:0,(anonymous_4)
FNDA:0,(anonymous_5)
FNDA:0,(anonymous_6)
FNDA:0,(anonymous_7)
FNDA:0,(anonymous_8)
DA:103,0
DA:117,0
DA:118,0
DA:122,0
DA:123,0
DA:124,0
DA:125,0
DA:126,0
DA:127,0
DA:128,0
DA:130,0
DA:134,0
DA:135,0
DA:140,0
DA:141,0
DA:142,0
DA:144,0
DA:148,0
DA:149,0
DA:150,0
DA:153,0
DA:154,0
DA:155,0
DA:156,0
DA:159,0
DA:160,0
DA:165,0
LF:27
LH:0
BRDA:154,0,0,0
BRDA:154,0,1,0
BRF:2
BRH:0
end_of_record
TN:
SF:/home/mrrobot/Life/project/ics_pr/ics_project/frontend/src/components/About.vue
FNF:0
FNH:0
DA:28,0
LF:1
LH:0
BRF:0
BRH:0
end_of_record
TN:
SF:/home/mrrobot/Life/project/ics_pr/ics_project/frontend/src/components/AboutCat.vue
FN:24,(anonymous_0)
FN:28,(anonymous_1)
FN:32,(anonymous_2)
FNF:3
FNH:0
FNDA:0,(anonymous_0)
FNDA:0,(anonymous_1)
FNDA:0,(anonymous_2)
DA:18,0
DA:25,0
DA:28,0
DA:29,0
DA:30,0
DA:31,0
DA:33,0
LF:7
LH:0
BRF:0
BRH:0
end_of_record
TN:
SF:/home/mrrobot/Life/project/ics_pr/ics_project/frontend/src/components/Created.vue
FN:33,(anonymous_0)
FN:40,(anonymous_1)
FN:43,(anonymous_2)
FNF:3
FNH:0
FNDA:0,(anonymous_0)
FNDA:0,(anonymous_1)
FNDA:0,(anonymous_2)
DA:26,0
DA:34,0
DA:40,0
DA:41,0
DA:42,0
LF:5
LH:0
BRF:0
BRH:0
end_of_record
TN:
SF:/home/mrrobot/Life/project/ics_pr/ics_project/frontend/src/components/Dashboard.vue
FN:37,(anonymous_0)
FN:41,(anonymous_1)
FN:50,(anonymous_2)
FN:55,(anonymous_3)
FNF:4
FNH:0
FNDA:0,(anonymous_0)
FNDA:0,(anonymous_1)
FNDA:0,(anonymous_2)
FNDA:0,(anonymous_3)
DA:31,0
DA:38,0
DA:41,0
DA:42,0
DA:43,0
DA:44,0
DA:45,0
DA:47,0
DA:48,0
DA:51,0
DA:56,0
LF:11
LH:0
BRDA:42,0,0,0
BRDA:42,0,1,0
BRF:2
BRH:0
end_of_record
TN:
SF:/home/mrrobot/Life/project/ics_pr/ics_project/frontend/src/components/Plan.vue
FNF:0
FNH:0
DA:60,0
LF:1
LH:0
BRF:0
BRH:0
end_of_record
TN:
SF:/home/mrrobot/Life/project/ics_pr/ics_project/frontend/src/components/Refrigerator.vue
FNF:0
FNH:0
DA:47,0
LF:1
LH:0
BRF:0
BRH:0
end_of_record
TN:
SF:/home/mrrobot/Life/project/ics_pr/ics_project/frontend/src/router/index.js
FNF:0
FNH:0
DA:13,1
DA:14,1
DA:15,1
LF:3
LH:3
BRF:0
BRH:0
end_of_record
